APP: 2025/05/02 00:28:38 /Users/amir/Desktop/Cloud/Balancer/config/init.go:34: Конфигурация: порт - %v, backends - %v 8080 [http://localhost:8081 http://localhost:8082 http://localhost:8083 http://localhost:8084 http://localhost:8085]
APP: 2025/05/02 00:28:38 /Users/amir/Desktop/Cloud/Balancer/internal/service/startBackends.go:33: Тестовый бэкенд запущен на :8085
APP: 2025/05/02 00:28:38 /Users/amir/Desktop/Cloud/Balancer/internal/service/startBackends.go:33: Тестовый бэкенд запущен на :8082
APP: 2025/05/02 00:28:38 /Users/amir/Desktop/Cloud/Balancer/internal/service/startBackends.go:33: Тестовый бэкенд запущен на :8081
APP: 2025/05/02 00:28:38 /Users/amir/Desktop/Cloud/Balancer/internal/service/startBackends.go:33: Тестовый бэкенд запущен на :8084
APP: 2025/05/02 00:28:38 /Users/amir/Desktop/Cloud/Balancer/internal/service/startBackends.go:33: Тестовый бэкенд запущен на :8083
APP: 2025/05/02 00:28:40 /Users/amir/Desktop/Cloud/Balancer/internal/handler/middlewares/loggerMiddleware.go:19: Started GET / from [::1]:61276
APP: 2025/05/02 00:28:40 /Users/amir/Desktop/Cloud/Balancer/internal/service/balancer.go:60: Перенаправление GET / → http://localhost:8082
APP: 2025/05/02 00:28:40 /Users/amir/Desktop/Cloud/Balancer/internal/handler/middlewares/loggerMiddleware.go:29: Completed GET / | Status: 200 | Duration: 12.799844ms
APP: 2025/05/02 00:28:48 /Users/amir/Desktop/Cloud/Balancer/internal/service/backend.go:35: Бэкенд http://localhost:8081 здоров
APP: 2025/05/02 00:28:48 /Users/amir/Desktop/Cloud/Balancer/internal/service/backend.go:35: Бэкенд http://localhost:8082 здоров
APP: 2025/05/02 00:28:48 /Users/amir/Desktop/Cloud/Balancer/internal/service/backend.go:35: Бэкенд http://localhost:8083 здоров
APP: 2025/05/02 00:28:48 /Users/amir/Desktop/Cloud/Balancer/internal/service/backend.go:35: Бэкенд http://localhost:8084 здоров
APP: 2025/05/02 00:28:48 /Users/amir/Desktop/Cloud/Balancer/internal/service/backend.go:35: Бэкенд http://localhost:8085 здоров
APP: 2025/05/02 00:28:48 /Users/amir/Desktop/Cloud/Balancer/internal/service/backend.go:44: Доступные бекенды: [http://localhost:8081 http://localhost:8082 http://localhost:8083 http://localhost:8084 http://localhost:8085]
APP: 2025/05/02 00:28:58 /Users/amir/Desktop/Cloud/Balancer/internal/service/backend.go:35: Бэкенд http://localhost:8081 здоров
APP: 2025/05/02 00:28:58 /Users/amir/Desktop/Cloud/Balancer/internal/service/backend.go:35: Бэкенд http://localhost:8082 здоров
APP: 2025/05/02 00:28:58 /Users/amir/Desktop/Cloud/Balancer/internal/service/backend.go:35: Бэкенд http://localhost:8083 здоров
APP: 2025/05/02 00:28:58 /Users/amir/Desktop/Cloud/Balancer/internal/service/backend.go:35: Бэкенд http://localhost:8084 здоров
APP: 2025/05/02 00:28:58 /Users/amir/Desktop/Cloud/Balancer/internal/service/backend.go:35: Бэкенд http://localhost:8085 здоров
APP: 2025/05/02 00:28:58 /Users/amir/Desktop/Cloud/Balancer/internal/service/backend.go:44: Доступные бекенды: [http://localhost:8081 http://localhost:8082 http://localhost:8083 http://localhost:8084 http://localhost:8085]
APP: 2025/05/02 00:29:08 /Users/amir/Desktop/Cloud/Balancer/internal/service/backend.go:35: Бэкенд http://localhost:8081 здоров
APP: 2025/05/02 00:29:08 /Users/amir/Desktop/Cloud/Balancer/internal/service/backend.go:35: Бэкенд http://localhost:8082 здоров
APP: 2025/05/02 00:29:08 /Users/amir/Desktop/Cloud/Balancer/internal/service/backend.go:35: Бэкенд http://localhost:8083 здоров
APP: 2025/05/02 00:29:08 /Users/amir/Desktop/Cloud/Balancer/internal/service/backend.go:35: Бэкенд http://localhost:8084 здоров
APP: 2025/05/02 00:29:08 /Users/amir/Desktop/Cloud/Balancer/internal/service/backend.go:35: Бэкенд http://localhost:8085 здоров
APP: 2025/05/02 00:29:08 /Users/amir/Desktop/Cloud/Balancer/internal/service/backend.go:44: Доступные бекенды: [http://localhost:8081 http://localhost:8082 http://localhost:8083 http://localhost:8084 http://localhost:8085]
APP: 2025/05/02 00:29:18 /Users/amir/Desktop/Cloud/Balancer/internal/service/backend.go:35: Бэкенд http://localhost:8081 здоров
APP: 2025/05/02 00:29:18 /Users/amir/Desktop/Cloud/Balancer/internal/service/backend.go:35: Бэкенд http://localhost:8082 здоров
APP: 2025/05/02 00:29:18 /Users/amir/Desktop/Cloud/Balancer/internal/service/backend.go:35: Бэкенд http://localhost:8083 здоров
APP: 2025/05/02 00:29:18 /Users/amir/Desktop/Cloud/Balancer/internal/service/backend.go:35: Бэкенд http://localhost:8084 здоров
APP: 2025/05/02 00:29:18 /Users/amir/Desktop/Cloud/Balancer/internal/service/backend.go:35: Бэкенд http://localhost:8085 здоров
APP: 2025/05/02 00:29:18 /Users/amir/Desktop/Cloud/Balancer/internal/service/backend.go:44: Доступные бекенды: [http://localhost:8081 http://localhost:8082 http://localhost:8083 http://localhost:8084 http://localhost:8085]
APP: 2025/05/02 00:29:28 /Users/amir/Desktop/Cloud/Balancer/internal/service/backend.go:35: Бэкенд http://localhost:8081 здоров
APP: 2025/05/02 00:29:28 /Users/amir/Desktop/Cloud/Balancer/internal/service/backend.go:35: Бэкенд http://localhost:8082 здоров
APP: 2025/05/02 00:29:28 /Users/amir/Desktop/Cloud/Balancer/internal/service/backend.go:35: Бэкенд http://localhost:8083 здоров
APP: 2025/05/02 00:29:28 /Users/amir/Desktop/Cloud/Balancer/internal/service/backend.go:35: Бэкенд http://localhost:8084 здоров
APP: 2025/05/02 00:29:28 /Users/amir/Desktop/Cloud/Balancer/internal/service/backend.go:35: Бэкенд http://localhost:8085 здоров
APP: 2025/05/02 00:29:28 /Users/amir/Desktop/Cloud/Balancer/internal/service/backend.go:44: Доступные бекенды: [http://localhost:8081 http://localhost:8082 http://localhost:8083 http://localhost:8084 http://localhost:8085]
APP: 2025/05/02 00:29:38 /Users/amir/Desktop/Cloud/Balancer/internal/service/backend.go:35: Бэкенд http://localhost:8081 здоров
APP: 2025/05/02 00:29:38 /Users/amir/Desktop/Cloud/Balancer/internal/service/backend.go:35: Бэкенд http://localhost:8082 здоров
APP: 2025/05/02 00:29:38 /Users/amir/Desktop/Cloud/Balancer/internal/service/backend.go:35: Бэкенд http://localhost:8083 здоров
APP: 2025/05/02 00:29:38 /Users/amir/Desktop/Cloud/Balancer/internal/service/backend.go:35: Бэкенд http://localhost:8084 здоров
APP: 2025/05/02 00:29:38 /Users/amir/Desktop/Cloud/Balancer/internal/service/backend.go:35: Бэкенд http://localhost:8085 здоров
APP: 2025/05/02 00:29:38 /Users/amir/Desktop/Cloud/Balancer/internal/service/backend.go:44: Доступные бекенды: [http://localhost:8081 http://localhost:8082 http://localhost:8083 http://localhost:8084 http://localhost:8085]
